{"/home/runner/work/FinanceFrz/FinanceFrz/proxy.ts": {"path":"/home/runner/work/FinanceFrz/FinanceFrz/proxy.ts","statementMap":{"0":{"start":{"line":3,"column":21},"end":{"line":3,"column":null}},"1":{"start":{"line":6,"column":23},"end":{"line":6,"column":null}},"2":{"start":{"line":7,"column":19},"end":{"line":7,"column":67}},"3":{"start":{"line":7,"column":44},"end":{"line":7,"column":66}},"4":{"start":{"line":8,"column":16},"end":{"line":8,"column":null}},"5":{"start":{"line":10,"column":2},"end":{"line":11,"column":null}},"6":{"start":{"line":11,"column":4},"end":{"line":11,"column":null}},"7":{"start":{"line":14,"column":2},"end":{"line":14,"column":null}},"8":{"start":{"line":17,"column":22},"end":{"line":18,"column":null}}},"fnMap":{"0":{"name":"proxy","decl":{"start":{"line":5,"column":16},"end":{"line":5,"column":22}},"loc":{"start":{"line":5,"column":44},"end":{"line":14,"column":null}},"line":5},"1":{"name":"(anonymous_1)","decl":{"start":{"line":7,"column":32},"end":{"line":7,"column":38}},"loc":{"start":{"line":7,"column":44},"end":{"line":7,"column":66}},"line":7}},"branchMap":{"0":{"loc":{"start":{"line":10,"column":2},"end":{"line":11,"column":null}},"type":"if","locations":[{"start":{"line":10,"column":2},"end":{"line":11,"column":null}},{"start":{},"end":{}}],"line":10},"1":{"loc":{"start":{"line":10,"column":6},"end":{"line":10,"column":91}},"type":"binary-expr","locations":[{"start":{"line":10,"column":6},"end":{"line":10,"column":19}},{"start":{"line":10,"column":19},"end":{"line":10,"column":29}},{"start":{"line":10,"column":29},"end":{"line":10,"column":59}},{"start":{"line":10,"column":63},"end":{"line":10,"column":91}}],"line":10}},"s":{"0":1,"1":8,"2":8,"3":26,"4":8,"5":8,"6":1,"7":7,"8":1},"f":{"0":8,"1":26},"b":{"0":[1,7],"1":[8,4,3,2]},"meta":{"lastBranch":2,"lastFunction":2,"lastStatement":9,"seen":{"s:3:21:3:Infinity":0,"f:5:16:5:22":0,"s:6:23:6:Infinity":1,"s:7:19:7:67":2,"f:7:32:7:38":1,"s:7:44:7:66":3,"s:8:16:8:Infinity":4,"b:10:2:11:Infinity:undefined:undefined:undefined:undefined":0,"s:10:2:11:Infinity":5,"b:10:6:10:19:10:19:10:29:10:29:10:59:10:63:10:91":1,"s:11:4:11:Infinity":6,"s:14:2:14:Infinity":7,"s:17:22:18:Infinity":8}}}
,"/home/runner/work/FinanceFrz/FinanceFrz/app/api/accounts/route.ts": {"path":"/home/runner/work/FinanceFrz/FinanceFrz/app/api/accounts/route.ts","statementMap":{"0":{"start":{"line":6,"column":15},"end":{"line":10,"column":2}},"1":{"start":{"line":13,"column":2},"end":{"line":24,"column":null}},"2":{"start":{"line":14,"column":17},"end":{"line":14,"column":44}},"3":{"start":{"line":15,"column":21},"end":{"line":18,"column":6}},"4":{"start":{"line":19,"column":4},"end":{"line":19,"column":null}},"5":{"start":{"line":21,"column":4},"end":{"line":22,"column":null}},"6":{"start":{"line":22,"column":6},"end":{"line":22,"column":null}},"7":{"start":{"line":24,"column":4},"end":{"line":24,"column":null}},"8":{"start":{"line":29,"column":2},"end":{"line":44,"column":null}},"9":{"start":{"line":30,"column":17},"end":{"line":30,"column":44}},"10":{"start":{"line":31,"column":17},"end":{"line":31,"column":33}},"11":{"start":{"line":32,"column":19},"end":{"line":32,"column":41}},"12":{"start":{"line":33,"column":4},"end":{"line":34,"column":null}},"13":{"start":{"line":34,"column":6},"end":{"line":34,"column":null}},"14":{"start":{"line":36,"column":20},"end":{"line":38,"column":6}},"15":{"start":{"line":39,"column":4},"end":{"line":39,"column":null}},"16":{"start":{"line":41,"column":4},"end":{"line":42,"column":null}},"17":{"start":{"line":42,"column":6},"end":{"line":42,"column":null}},"18":{"start":{"line":44,"column":4},"end":{"line":44,"column":null}}},"fnMap":{"0":{"name":"GET","decl":{"start":{"line":12,"column":22},"end":{"line":12,"column":26}},"loc":{"start":{"line":12,"column":44},"end":{"line":24,"column":null}},"line":12},"1":{"name":"POST","decl":{"start":{"line":28,"column":22},"end":{"line":28,"column":27}},"loc":{"start":{"line":28,"column":45},"end":{"line":44,"column":null}},"line":28}},"branchMap":{"0":{"loc":{"start":{"line":21,"column":4},"end":{"line":22,"column":null}},"type":"if","locations":[{"start":{"line":21,"column":4},"end":{"line":22,"column":null}},{"start":{},"end":{}}],"line":21},"1":{"loc":{"start":{"line":21,"column":8},"end":{"line":21,"column":80}},"type":"binary-expr","locations":[{"start":{"line":21,"column":8},"end":{"line":21,"column":42}},{"start":{"line":21,"column":42},"end":{"line":21,"column":80}}],"line":21},"2":{"loc":{"start":{"line":33,"column":4},"end":{"line":34,"column":null}},"type":"if","locations":[{"start":{"line":33,"column":4},"end":{"line":34,"column":null}},{"start":{},"end":{}}],"line":33},"3":{"loc":{"start":{"line":41,"column":4},"end":{"line":42,"column":null}},"type":"if","locations":[{"start":{"line":41,"column":4},"end":{"line":42,"column":null}},{"start":{},"end":{}}],"line":41},"4":{"loc":{"start":{"line":41,"column":8},"end":{"line":41,"column":80}},"type":"binary-expr","locations":[{"start":{"line":41,"column":8},"end":{"line":41,"column":42}},{"start":{"line":41,"column":42},"end":{"line":41,"column":80}}],"line":41}},"s":{"0":1,"1":6,"2":6,"3":4,"4":3,"5":3,"6":2,"7":1,"8":7,"9":7,"10":6,"11":6,"12":6,"13":2,"14":4,"15":3,"16":2,"17":1,"18":1},"f":{"0":6,"1":7},"b":{"0":[2,1],"1":[3,2],"2":[2,4],"3":[1,1],"4":[2,1]},"meta":{"lastBranch":5,"lastFunction":2,"lastStatement":19,"seen":{"s:6:15:10:2":0,"f:12:22:12:26":0,"s:13:2:24:Infinity":1,"s:14:17:14:44":2,"s:15:21:18:6":3,"s:19:4:19:Infinity":4,"b:21:4:22:Infinity:undefined:undefined:undefined:undefined":0,"s:21:4:22:Infinity":5,"b:21:8:21:42:21:42:21:80":1,"s:22:6:22:Infinity":6,"s:24:4:24:Infinity":7,"f:28:22:28:27":1,"s:29:2:44:Infinity":8,"s:30:17:30:44":9,"s:31:17:31:33":10,"s:32:19:32:41":11,"b:33:4:34:Infinity:undefined:undefined:undefined:undefined":2,"s:33:4:34:Infinity":12,"s:34:6:34:Infinity":13,"s:36:20:38:6":14,"s:39:4:39:Infinity":15,"b:41:4:42:Infinity:undefined:undefined:undefined:undefined":3,"s:41:4:42:Infinity":16,"b:41:8:41:42:41:42:41:80":4,"s:42:6:42:Infinity":17,"s:44:4:44:Infinity":18}}}
,"/home/runner/work/FinanceFrz/FinanceFrz/app/api/accounts/[id]/route.ts": {"path":"/home/runner/work/FinanceFrz/FinanceFrz/app/api/accounts/[id]/route.ts","statementMap":{"0":{"start":{"line":6,"column":15},"end":{"line":10,"column":2}},"1":{"start":{"line":15,"column":2},"end":{"line":32,"column":null}},"2":{"start":{"line":16,"column":17},"end":{"line":16,"column":44}},"3":{"start":{"line":17,"column":19},"end":{"line":17,"column":null}},"4":{"start":{"line":18,"column":21},"end":{"line":18,"column":87}},"5":{"start":{"line":19,"column":4},"end":{"line":19,"column":null}},"6":{"start":{"line":19,"column":19},"end":{"line":19,"column":null}},"7":{"start":{"line":21,"column":17},"end":{"line":21,"column":33}},"8":{"start":{"line":22,"column":19},"end":{"line":22,"column":41}},"9":{"start":{"line":23,"column":4},"end":{"line":24,"column":null}},"10":{"start":{"line":24,"column":6},"end":{"line":24,"column":null}},"11":{"start":{"line":26,"column":20},"end":{"line":26,"column":85}},"12":{"start":{"line":27,"column":4},"end":{"line":27,"column":null}},"13":{"start":{"line":29,"column":4},"end":{"line":30,"column":null}},"14":{"start":{"line":30,"column":6},"end":{"line":30,"column":null}},"15":{"start":{"line":32,"column":4},"end":{"line":32,"column":null}},"16":{"start":{"line":37,"column":2},"end":{"line":49,"column":null}},"17":{"start":{"line":38,"column":17},"end":{"line":38,"column":44}},"18":{"start":{"line":39,"column":19},"end":{"line":39,"column":null}},"19":{"start":{"line":40,"column":21},"end":{"line":40,"column":87}},"20":{"start":{"line":41,"column":4},"end":{"line":41,"column":null}},"21":{"start":{"line":41,"column":19},"end":{"line":41,"column":null}},"22":{"start":{"line":43,"column":4},"end":{"line":43,"column":null}},"23":{"start":{"line":44,"column":4},"end":{"line":44,"column":null}},"24":{"start":{"line":46,"column":4},"end":{"line":47,"column":null}},"25":{"start":{"line":47,"column":6},"end":{"line":47,"column":null}},"26":{"start":{"line":49,"column":4},"end":{"line":49,"column":null}}},"fnMap":{"0":{"name":"PUT","decl":{"start":{"line":14,"column":22},"end":{"line":14,"column":26}},"loc":{"start":{"line":14,"column":64},"end":{"line":32,"column":null}},"line":14},"1":{"name":"DELETE","decl":{"start":{"line":36,"column":22},"end":{"line":36,"column":29}},"loc":{"start":{"line":36,"column":67},"end":{"line":49,"column":null}},"line":36}},"branchMap":{"0":{"loc":{"start":{"line":19,"column":4},"end":{"line":19,"column":null}},"type":"if","locations":[{"start":{"line":19,"column":4},"end":{"line":19,"column":null}},{"start":{},"end":{}}],"line":19},"1":{"loc":{"start":{"line":23,"column":4},"end":{"line":24,"column":null}},"type":"if","locations":[{"start":{"line":23,"column":4},"end":{"line":24,"column":null}},{"start":{},"end":{}}],"line":23},"2":{"loc":{"start":{"line":29,"column":4},"end":{"line":30,"column":null}},"type":"if","locations":[{"start":{"line":29,"column":4},"end":{"line":30,"column":null}},{"start":{},"end":{}}],"line":29},"3":{"loc":{"start":{"line":29,"column":8},"end":{"line":29,"column":80}},"type":"binary-expr","locations":[{"start":{"line":29,"column":8},"end":{"line":29,"column":42}},{"start":{"line":29,"column":42},"end":{"line":29,"column":80}}],"line":29},"4":{"loc":{"start":{"line":41,"column":4},"end":{"line":41,"column":null}},"type":"if","locations":[{"start":{"line":41,"column":4},"end":{"line":41,"column":null}},{"start":{},"end":{}}],"line":41},"5":{"loc":{"start":{"line":46,"column":4},"end":{"line":47,"column":null}},"type":"if","locations":[{"start":{"line":46,"column":4},"end":{"line":47,"column":null}},{"start":{},"end":{}}],"line":46},"6":{"loc":{"start":{"line":46,"column":8},"end":{"line":46,"column":80}},"type":"binary-expr","locations":[{"start":{"line":46,"column":8},"end":{"line":46,"column":42}},{"start":{"line":46,"column":42},"end":{"line":46,"column":80}}],"line":46}},"s":{"0":1,"1":5,"2":5,"3":4,"4":4,"5":3,"6":3,"7":2,"8":2,"9":2,"10":1,"11":1,"12":1,"13":2,"14":1,"15":1,"16":4,"17":4,"18":3,"19":3,"20":2,"21":2,"22":1,"23":1,"24":2,"25":1,"26":1},"f":{"0":5,"1":4},"b":{"0":[1,2],"1":[1,1],"2":[1,1],"3":[2,1],"4":[1,1],"5":[1,1],"6":[2,1]},"meta":{"lastBranch":7,"lastFunction":2,"lastStatement":27,"seen":{"s:6:15:10:2":0,"f:14:22:14:26":0,"s:15:2:32:Infinity":1,"s:16:17:16:44":2,"s:17:19:17:Infinity":3,"s:18:21:18:87":4,"b:19:4:19:Infinity:undefined:undefined:undefined:undefined":0,"s:19:4:19:Infinity":5,"s:19:19:19:Infinity":6,"s:21:17:21:33":7,"s:22:19:22:41":8,"b:23:4:24:Infinity:undefined:undefined:undefined:undefined":1,"s:23:4:24:Infinity":9,"s:24:6:24:Infinity":10,"s:26:20:26:85":11,"s:27:4:27:Infinity":12,"b:29:4:30:Infinity:undefined:undefined:undefined:undefined":2,"s:29:4:30:Infinity":13,"b:29:8:29:42:29:42:29:80":3,"s:30:6:30:Infinity":14,"s:32:4:32:Infinity":15,"f:36:22:36:29":1,"s:37:2:49:Infinity":16,"s:38:17:38:44":17,"s:39:19:39:Infinity":18,"s:40:21:40:87":19,"b:41:4:41:Infinity:undefined:undefined:undefined:undefined":4,"s:41:4:41:Infinity":20,"s:41:19:41:Infinity":21,"s:43:4:43:Infinity":22,"s:44:4:44:Infinity":23,"b:46:4:47:Infinity:undefined:undefined:undefined:undefined":5,"s:46:4:47:Infinity":24,"b:46:8:46:42:46:42:46:80":6,"s:47:6:47:Infinity":25,"s:49:4:49:Infinity":26}}}
,"/home/runner/work/FinanceFrz/FinanceFrz/app/api/analytics/route.ts": {"path":"/home/runner/work/FinanceFrz/FinanceFrz/app/api/analytics/route.ts","statementMap":{"0":{"start":{"line":6,"column":2},"end":{"line":82,"column":null}},"1":{"start":{"line":7,"column":17},"end":{"line":7,"column":44}},"2":{"start":{"line":8,"column":29},"end":{"line":8,"column":45}},"3":{"start":{"line":10,"column":21},"end":{"line":10,"column":49}},"4":{"start":{"line":11,"column":19},"end":{"line":11,"column":45}},"5":{"start":{"line":12,"column":22},"end":{"line":12,"column":51}},"6":{"start":{"line":14,"column":23},"end":{"line":14,"column":42}},"7":{"start":{"line":15,"column":4},"end":{"line":15,"column":null}},"8":{"start":{"line":15,"column":19},"end":{"line":15,"column":null}},"9":{"start":{"line":16,"column":4},"end":{"line":19,"column":null}},"10":{"start":{"line":17,"column":6},"end":{"line":17,"column":null}},"11":{"start":{"line":18,"column":6},"end":{"line":18,"column":null}},"12":{"start":{"line":18,"column":20},"end":{"line":18,"column":null}},"13":{"start":{"line":19,"column":6},"end":{"line":19,"column":null}},"14":{"start":{"line":19,"column":18},"end":{"line":19,"column":null}},"15":{"start":{"line":22,"column":25},"end":{"line":29,"column":6}},"16":{"start":{"line":32,"column":24},"end":{"line":34,"column":52}},"17":{"start":{"line":33,"column":21},"end":{"line":33,"column":41}},"18":{"start":{"line":34,"column":34},"end":{"line":34,"column":50}},"19":{"start":{"line":35,"column":25},"end":{"line":37,"column":52}},"20":{"start":{"line":36,"column":21},"end":{"line":36,"column":42}},"21":{"start":{"line":37,"column":34},"end":{"line":37,"column":50}},"22":{"start":{"line":38,"column":16},"end":{"line":38,"column":null}},"23":{"start":{"line":41,"column":24},"end":{"line":41,"column":89}},"24":{"start":{"line":42,"column":4},"end":{"line":52,"column":null}},"25":{"start":{"line":43,"column":6},"end":{"line":52,"column":null}},"26":{"start":{"line":44,"column":25},"end":{"line":44,"column":54}},"27":{"start":{"line":45,"column":8},"end":{"line":52,"column":null}},"28":{"start":{"line":46,"column":10},"end":{"line":46,"column":null}},"29":{"start":{"line":48,"column":10},"end":{"line":52,"column":null}},"30":{"start":{"line":56,"column":30},"end":{"line":58,"column":40}},"31":{"start":{"line":57,"column":28},"end":{"line":57,"column":45}},"32":{"start":{"line":58,"column":22},"end":{"line":58,"column":40}},"33":{"start":{"line":61,"column":20},"end":{"line":61,"column":74}},"34":{"start":{"line":62,"column":4},"end":{"line":67,"column":null}},"35":{"start":{"line":63,"column":18},"end":{"line":63,"column":51}},"36":{"start":{"line":64,"column":23},"end":{"line":64,"column":null}},"37":{"start":{"line":65,"column":6},"end":{"line":66,"column":null}},"38":{"start":{"line":65,"column":31},"end":{"line":65,"column":null}},"39":{"start":{"line":66,"column":11},"end":{"line":66,"column":null}},"40":{"start":{"line":67,"column":6},"end":{"line":67,"column":null}},"41":{"start":{"line":69,"column":23},"end":{"line":71,"column":51}},"42":{"start":{"line":70,"column":30},"end":{"line":70,"column":49}},"43":{"start":{"line":71,"column":22},"end":{"line":71,"column":50}},"44":{"start":{"line":73,"column":4},"end":{"line":77,"column":null}},"45":{"start":{"line":79,"column":4},"end":{"line":80,"column":null}},"46":{"start":{"line":80,"column":6},"end":{"line":80,"column":null}},"47":{"start":{"line":82,"column":4},"end":{"line":82,"column":null}}},"fnMap":{"0":{"name":"GET","decl":{"start":{"line":5,"column":22},"end":{"line":5,"column":26}},"loc":{"start":{"line":5,"column":44},"end":{"line":82,"column":null}},"line":5},"1":{"name":"(anonymous_1)","decl":{"start":{"line":33,"column":7},"end":{"line":33,"column":15}},"loc":{"start":{"line":33,"column":21},"end":{"line":33,"column":41}},"line":33},"2":{"name":"(anonymous_2)","decl":{"start":{"line":34,"column":7},"end":{"line":34,"column":15}},"loc":{"start":{"line":34,"column":34},"end":{"line":34,"column":50}},"line":34},"3":{"name":"(anonymous_3)","decl":{"start":{"line":36,"column":7},"end":{"line":36,"column":15}},"loc":{"start":{"line":36,"column":21},"end":{"line":36,"column":42}},"line":36},"4":{"name":"(anonymous_4)","decl":{"start":{"line":37,"column":7},"end":{"line":37,"column":15}},"loc":{"start":{"line":37,"column":34},"end":{"line":37,"column":50}},"line":37},"5":{"name":"(anonymous_5)","decl":{"start":{"line":57,"column":7},"end":{"line":57,"column":12}},"loc":{"start":{"line":57,"column":28},"end":{"line":57,"column":45}},"line":57},"6":{"name":"(anonymous_6)","decl":{"start":{"line":58,"column":7},"end":{"line":58,"column":13}},"loc":{"start":{"line":58,"column":22},"end":{"line":58,"column":40}},"line":58},"7":{"name":"(anonymous_7)","decl":{"start":{"line":70,"column":7},"end":{"line":70,"column":12}},"loc":{"start":{"line":70,"column":30},"end":{"line":70,"column":49}},"line":70},"8":{"name":"(anonymous_8)","decl":{"start":{"line":71,"column":7},"end":{"line":71,"column":13}},"loc":{"start":{"line":71,"column":22},"end":{"line":71,"column":50}},"line":71}},"branchMap":{"0":{"loc":{"start":{"line":15,"column":4},"end":{"line":15,"column":null}},"type":"if","locations":[{"start":{"line":15,"column":4},"end":{"line":15,"column":null}},{"start":{},"end":{}}],"line":15},"1":{"loc":{"start":{"line":16,"column":4},"end":{"line":19,"column":null}},"type":"if","locations":[{"start":{"line":16,"column":4},"end":{"line":19,"column":null}},{"start":{},"end":{}}],"line":16},"2":{"loc":{"start":{"line":16,"column":8},"end":{"line":16,"column":28}},"type":"binary-expr","locations":[{"start":{"line":16,"column":8},"end":{"line":16,"column":20}},{"start":{"line":16,"column":20},"end":{"line":16,"column":28}}],"line":16},"3":{"loc":{"start":{"line":18,"column":6},"end":{"line":18,"column":null}},"type":"if","locations":[{"start":{"line":18,"column":6},"end":{"line":18,"column":null}},{"start":{},"end":{}}],"line":18},"4":{"loc":{"start":{"line":19,"column":6},"end":{"line":19,"column":null}},"type":"if","locations":[{"start":{"line":19,"column":6},"end":{"line":19,"column":null}},{"start":{},"end":{}}],"line":19},"5":{"loc":{"start":{"line":43,"column":6},"end":{"line":52,"column":null}},"type":"if","locations":[{"start":{"line":43,"column":6},"end":{"line":52,"column":null}},{"start":{},"end":{}}],"line":43},"6":{"loc":{"start":{"line":45,"column":8},"end":{"line":52,"column":null}},"type":"if","locations":[{"start":{"line":45,"column":8},"end":{"line":52,"column":null}},{"start":{"line":47,"column":15},"end":{"line":52,"column":null}}],"line":45},"7":{"loc":{"start":{"line":64,"column":23},"end":{"line":64,"column":null}},"type":"binary-expr","locations":[{"start":{"line":64,"column":23},"end":{"line":64,"column":39}},{"start":{"line":64,"column":43},"end":{"line":64,"column":null}}],"line":64},"8":{"loc":{"start":{"line":65,"column":6},"end":{"line":66,"column":null}},"type":"if","locations":[{"start":{"line":65,"column":6},"end":{"line":66,"column":null}},{"start":{"line":66,"column":11},"end":{"line":66,"column":null}}],"line":65},"9":{"loc":{"start":{"line":79,"column":4},"end":{"line":80,"column":null}},"type":"if","locations":[{"start":{"line":79,"column":4},"end":{"line":80,"column":null}},{"start":{},"end":{}}],"line":79},"10":{"loc":{"start":{"line":79,"column":8},"end":{"line":79,"column":80}},"type":"binary-expr","locations":[{"start":{"line":79,"column":8},"end":{"line":79,"column":42}},{"start":{"line":79,"column":42},"end":{"line":79,"column":80}}],"line":79}},"s":{"0":9,"1":9,"2":8,"3":8,"4":8,"5":8,"6":8,"7":8,"8":1,"9":8,"10":1,"11":1,"12":1,"13":1,"14":1,"15":8,"16":7,"17":11,"18":4,"19":7,"20":11,"21":7,"22":7,"23":7,"24":7,"25":11,"26":7,"27":7,"28":2,"29":5,"30":7,"31":5,"32":1,"33":7,"34":7,"35":11,"36":11,"37":11,"38":4,"39":7,"40":11,"41":7,"42":10,"43":6,"44":7,"45":2,"46":1,"47":1},"f":{"0":9,"1":11,"2":4,"3":11,"4":7,"5":5,"6":1,"7":10,"8":6},"b":{"0":[1,7],"1":[1,7],"2":[8,7],"3":[1,0],"4":[1,0],"5":[7,4],"6":[2,5],"7":[11,10],"8":[4,7],"9":[1,1],"10":[2,1]},"meta":{"lastBranch":11,"lastFunction":9,"lastStatement":48,"seen":{"f:5:22:5:26":0,"s:6:2:82:Infinity":0,"s:7:17:7:44":1,"s:8:29:8:45":2,"s:10:21:10:49":3,"s:11:19:11:45":4,"s:12:22:12:51":5,"s:14:23:14:42":6,"b:15:4:15:Infinity:undefined:undefined:undefined:undefined":0,"s:15:4:15:Infinity":7,"s:15:19:15:Infinity":8,"b:16:4:19:Infinity:undefined:undefined:undefined:undefined":1,"s:16:4:19:Infinity":9,"b:16:8:16:20:16:20:16:28":2,"s:17:6:17:Infinity":10,"b:18:6:18:Infinity:undefined:undefined:undefined:undefined":3,"s:18:6:18:Infinity":11,"s:18:20:18:Infinity":12,"b:19:6:19:Infinity:undefined:undefined:undefined:undefined":4,"s:19:6:19:Infinity":13,"s:19:18:19:Infinity":14,"s:22:25:29:6":15,"s:32:24:34:52":16,"f:33:7:33:15":1,"s:33:21:33:41":17,"f:34:7:34:15":2,"s:34:34:34:50":18,"s:35:25:37:52":19,"f:36:7:36:15":3,"s:36:21:36:42":20,"f:37:7:37:15":4,"s:37:34:37:50":21,"s:38:16:38:Infinity":22,"s:41:24:41:89":23,"s:42:4:52:Infinity":24,"b:43:6:52:Infinity:undefined:undefined:undefined:undefined":5,"s:43:6:52:Infinity":25,"s:44:25:44:54":26,"b:45:8:52:Infinity:47:15:52:Infinity":6,"s:45:8:52:Infinity":27,"s:46:10:46:Infinity":28,"s:48:10:52:Infinity":29,"s:56:30:58:40":30,"f:57:7:57:12":5,"s:57:28:57:45":31,"f:58:7:58:13":6,"s:58:22:58:40":32,"s:61:20:61:74":33,"s:62:4:67:Infinity":34,"s:63:18:63:51":35,"s:64:23:64:Infinity":36,"b:64:23:64:39:64:43:64:Infinity":7,"b:65:6:66:Infinity:66:11:66:Infinity":8,"s:65:6:66:Infinity":37,"s:65:31:65:Infinity":38,"s:66:11:66:Infinity":39,"s:67:6:67:Infinity":40,"s:69:23:71:51":41,"f:70:7:70:12":7,"s:70:30:70:49":42,"f:71:7:71:13":8,"s:71:22:71:50":43,"s:73:4:77:Infinity":44,"b:79:4:80:Infinity:undefined:undefined:undefined:undefined":9,"s:79:4:80:Infinity":45,"b:79:8:79:42:79:42:79:80":10,"s:80:6:80:Infinity":46,"s:82:4:82:Infinity":47}}}
,"/home/runner/work/FinanceFrz/FinanceFrz/app/api/auth/login/route.ts": {"path":"/home/runner/work/FinanceFrz/FinanceFrz/app/api/auth/login/route.ts","statementMap":{"0":{"start":{"line":8,"column":26},"end":{"line":8,"column":null}},"1":{"start":{"line":9,"column":21},"end":{"line":9,"column":null}},"2":{"start":{"line":10,"column":22},"end":{"line":10,"column":75}},"3":{"start":{"line":13,"column":14},"end":{"line":13,"column":24}},"4":{"start":{"line":14,"column":16},"end":{"line":14,"column":37}},"5":{"start":{"line":15,"column":2},"end":{"line":17,"column":null}},"6":{"start":{"line":16,"column":4},"end":{"line":16,"column":null}},"7":{"start":{"line":17,"column":4},"end":{"line":17,"column":null}},"8":{"start":{"line":19,"column":2},"end":{"line":19,"column":null}},"9":{"start":{"line":19,"column":35},"end":{"line":19,"column":null}},"10":{"start":{"line":20,"column":2},"end":{"line":20,"column":null}},"11":{"start":{"line":21,"column":2},"end":{"line":21,"column":null}},"12":{"start":{"line":25,"column":13},"end":{"line":25,"column":null}},"13":{"start":{"line":26,"column":2},"end":{"line":27,"column":null}},"14":{"start":{"line":27,"column":4},"end":{"line":27,"column":null}},"15":{"start":{"line":30,"column":2},"end":{"line":75,"column":null}},"16":{"start":{"line":31,"column":32},"end":{"line":31,"column":48}},"17":{"start":{"line":32,"column":4},"end":{"line":33,"column":null}},"18":{"start":{"line":33,"column":6},"end":{"line":33,"column":null}},"19":{"start":{"line":36,"column":17},"end":{"line":36,"column":67}},"20":{"start":{"line":37,"column":4},"end":{"line":38,"column":null}},"21":{"start":{"line":38,"column":6},"end":{"line":38,"column":null}},"22":{"start":{"line":41,"column":18},"end":{"line":41,"column":67}},"23":{"start":{"line":42,"column":4},"end":{"line":43,"column":null}},"24":{"start":{"line":43,"column":6},"end":{"line":43,"column":null}},"25":{"start":{"line":46,"column":4},"end":{"line":47,"column":null}},"26":{"start":{"line":47,"column":6},"end":{"line":47,"column":null}},"27":{"start":{"line":50,"column":10},"end":{"line":50,"column":33}},"28":{"start":{"line":51,"column":22},"end":{"line":51,"column":69}},"29":{"start":{"line":52,"column":4},"end":{"line":52,"column":null}},"30":{"start":{"line":54,"column":21},"end":{"line":62,"column":6}},"31":{"start":{"line":64,"column":4},"end":{"line":70,"column":null}},"32":{"start":{"line":72,"column":4},"end":{"line":72,"column":null}},"33":{"start":{"line":74,"column":4},"end":{"line":74,"column":null}},"34":{"start":{"line":75,"column":4},"end":{"line":75,"column":null}}},"fnMap":{"0":{"name":"checkRateLimit","decl":{"start":{"line":12,"column":9},"end":{"line":12,"column":24}},"loc":{"start":{"line":12,"column":45},"end":{"line":21,"column":null}},"line":12},"1":{"name":"POST","decl":{"start":{"line":24,"column":22},"end":{"line":24,"column":27}},"loc":{"start":{"line":24,"column":45},"end":{"line":75,"column":null}},"line":24}},"branchMap":{"0":{"loc":{"start":{"line":15,"column":2},"end":{"line":17,"column":null}},"type":"if","locations":[{"start":{"line":15,"column":2},"end":{"line":17,"column":null}},{"start":{},"end":{}}],"line":15},"1":{"loc":{"start":{"line":15,"column":6},"end":{"line":15,"column":37}},"type":"binary-expr","locations":[{"start":{"line":15,"column":6},"end":{"line":15,"column":16}},{"start":{"line":15,"column":16},"end":{"line":15,"column":37}}],"line":15},"2":{"loc":{"start":{"line":19,"column":2},"end":{"line":19,"column":null}},"type":"if","locations":[{"start":{"line":19,"column":2},"end":{"line":19,"column":null}},{"start":{},"end":{}}],"line":19},"3":{"loc":{"start":{"line":25,"column":13},"end":{"line":25,"column":null}},"type":"binary-expr","locations":[{"start":{"line":25,"column":13},"end":{"line":25,"column":47}},{"start":{"line":25,"column":51},"end":{"line":25,"column":null}}],"line":25},"4":{"loc":{"start":{"line":26,"column":2},"end":{"line":27,"column":null}},"type":"if","locations":[{"start":{"line":26,"column":2},"end":{"line":27,"column":null}},{"start":{},"end":{}}],"line":26},"5":{"loc":{"start":{"line":32,"column":4},"end":{"line":33,"column":null}},"type":"if","locations":[{"start":{"line":32,"column":4},"end":{"line":33,"column":null}},{"start":{},"end":{}}],"line":32},"6":{"loc":{"start":{"line":32,"column":8},"end":{"line":32,"column":29}},"type":"binary-expr","locations":[{"start":{"line":32,"column":8},"end":{"line":32,"column":18}},{"start":{"line":32,"column":18},"end":{"line":32,"column":29}}],"line":32},"7":{"loc":{"start":{"line":37,"column":4},"end":{"line":38,"column":null}},"type":"if","locations":[{"start":{"line":37,"column":4},"end":{"line":38,"column":null}},{"start":{},"end":{}}],"line":37},"8":{"loc":{"start":{"line":42,"column":4},"end":{"line":43,"column":null}},"type":"if","locations":[{"start":{"line":42,"column":4},"end":{"line":43,"column":null}},{"start":{},"end":{}}],"line":42},"9":{"loc":{"start":{"line":46,"column":4},"end":{"line":47,"column":null}},"type":"if","locations":[{"start":{"line":46,"column":4},"end":{"line":47,"column":null}},{"start":{},"end":{}}],"line":46}},"s":{"0":1,"1":1,"2":1,"3":19,"4":19,"5":19,"6":2,"7":2,"8":17,"9":1,"10":16,"11":16,"12":19,"13":19,"14":1,"15":18,"16":18,"17":18,"18":2,"19":16,"20":15,"21":11,"22":4,"23":4,"24":1,"25":3,"26":1,"27":2,"28":2,"29":2,"30":2,"31":2,"32":2,"33":1,"34":1},"f":{"0":19,"1":19},"b":{"0":[2,17],"1":[19,17],"2":[1,16],"3":[19,8],"4":[1,18],"5":[2,16],"6":[18,17],"7":[11,4],"8":[1,3],"9":[1,2]},"meta":{"lastBranch":10,"lastFunction":2,"lastStatement":35,"seen":{"s:8:26:8:Infinity":0,"s:9:21:9:Infinity":1,"s:10:22:10:75":2,"f:12:9:12:24":0,"s:13:14:13:24":3,"s:14:16:14:37":4,"b:15:2:17:Infinity:undefined:undefined:undefined:undefined":0,"s:15:2:17:Infinity":5,"b:15:6:15:16:15:16:15:37":1,"s:16:4:16:Infinity":6,"s:17:4:17:Infinity":7,"b:19:2:19:Infinity:undefined:undefined:undefined:undefined":2,"s:19:2:19:Infinity":8,"s:19:35:19:Infinity":9,"s:20:2:20:Infinity":10,"s:21:2:21:Infinity":11,"f:24:22:24:27":1,"s:25:13:25:Infinity":12,"b:25:13:25:47:25:51:25:Infinity":3,"b:26:2:27:Infinity:undefined:undefined:undefined:undefined":4,"s:26:2:27:Infinity":13,"s:27:4:27:Infinity":14,"s:30:2:75:Infinity":15,"s:31:32:31:48":16,"b:32:4:33:Infinity:undefined:undefined:undefined:undefined":5,"s:32:4:33:Infinity":17,"b:32:8:32:18:32:18:32:29":6,"s:33:6:33:Infinity":18,"s:36:17:36:67":19,"b:37:4:38:Infinity:undefined:undefined:undefined:undefined":7,"s:37:4:38:Infinity":20,"s:38:6:38:Infinity":21,"s:41:18:41:67":22,"b:42:4:43:Infinity:undefined:undefined:undefined:undefined":8,"s:42:4:43:Infinity":23,"s:43:6:43:Infinity":24,"b:46:4:47:Infinity:undefined:undefined:undefined:undefined":9,"s:46:4:47:Infinity":25,"s:47:6:47:Infinity":26,"s:50:10:50:33":27,"s:51:22:51:69":28,"s:52:4:52:Infinity":29,"s:54:21:62:6":30,"s:64:4:70:Infinity":31,"s:72:4:72:Infinity":32,"s:74:4:74:Infinity":33,"s:75:4:75:Infinity":34}}}
,"/home/runner/work/FinanceFrz/FinanceFrz/app/api/auth/logout/route.ts": {"path":"/home/runner/work/FinanceFrz/FinanceFrz/app/api/auth/logout/route.ts","statementMap":{"0":{"start":{"line":4,"column":19},"end":{"line":4,"column":63}},"1":{"start":{"line":5,"column":2},"end":{"line":9,"column":null}},"2":{"start":{"line":10,"column":2},"end":{"line":10,"column":null}}},"fnMap":{"0":{"name":"POST","decl":{"start":{"line":3,"column":22},"end":{"line":3,"column":27}},"loc":{"start":{"line":3,"column":45},"end":{"line":10,"column":null}},"line":3}},"branchMap":{},"s":{"0":0,"1":0,"2":0},"f":{"0":0},"b":{},"meta":{"lastBranch":0,"lastFunction":1,"lastStatement":3,"seen":{"f:3:22:3:27":0,"s:4:19:4:63":0,"s:5:2:9:Infinity":1,"s:10:2:10:Infinity":2}}}
,"/home/runner/work/FinanceFrz/FinanceFrz/app/api/auth/me/route.ts": {"path":"/home/runner/work/FinanceFrz/FinanceFrz/app/api/auth/me/route.ts","statementMap":{"0":{"start":{"line":5,"column":15},"end":{"line":5,"column":37}},"1":{"start":{"line":6,"column":2},"end":{"line":6,"column":null}},"2":{"start":{"line":6,"column":13},"end":{"line":6,"column":null}},"3":{"start":{"line":7,"column":2},"end":{"line":14,"column":null}}},"fnMap":{"0":{"name":"GET","decl":{"start":{"line":4,"column":22},"end":{"line":4,"column":26}},"loc":{"start":{"line":4,"column":44},"end":{"line":14,"column":null}},"line":4}},"branchMap":{"0":{"loc":{"start":{"line":6,"column":2},"end":{"line":6,"column":null}},"type":"if","locations":[{"start":{"line":6,"column":2},"end":{"line":6,"column":null}},{"start":{},"end":{}}],"line":6}},"s":{"0":0,"1":0,"2":0,"3":0},"f":{"0":0},"b":{"0":[0,0]},"meta":{"lastBranch":1,"lastFunction":1,"lastStatement":4,"seen":{"f:4:22:4:26":0,"s:5:15:5:37":0,"b:6:2:6:Infinity:undefined:undefined:undefined:undefined":0,"s:6:2:6:Infinity":1,"s:6:13:6:Infinity":2,"s:7:2:14:Infinity":3}}}
,"/home/runner/work/FinanceFrz/FinanceFrz/app/api/auth/register/route.ts": {"path":"/home/runner/work/FinanceFrz/FinanceFrz/app/api/auth/register/route.ts","statementMap":{"0":{"start":{"line":8,"column":15},"end":{"line":12,"column":2}},"1":{"start":{"line":15,"column":2},"end":{"line":54,"column":null}},"2":{"start":{"line":16,"column":17},"end":{"line":16,"column":33}},"3":{"start":{"line":17,"column":19},"end":{"line":17,"column":41}},"4":{"start":{"line":18,"column":4},"end":{"line":22,"column":null}},"5":{"start":{"line":19,"column":6},"end":{"line":22,"column":null}},"6":{"start":{"line":25,"column":38},"end":{"line":25,"column":null}},"7":{"start":{"line":27,"column":21},"end":{"line":27,"column":71}},"8":{"start":{"line":28,"column":4},"end":{"line":29,"column":null}},"9":{"start":{"line":29,"column":6},"end":{"line":29,"column":null}},"10":{"start":{"line":32,"column":25},"end":{"line":32,"column":56}},"11":{"start":{"line":34,"column":17},"end":{"line":36,"column":6}},"12":{"start":{"line":38,"column":10},"end":{"line":38,"column":33}},"13":{"start":{"line":39,"column":22},"end":{"line":39,"column":64}},"14":{"start":{"line":40,"column":4},"end":{"line":42,"column":null}},"15":{"start":{"line":44,"column":20},"end":{"line":44,"column":null}},"16":{"start":{"line":45,"column":4},"end":{"line":49,"column":null}},"17":{"start":{"line":51,"column":4},"end":{"line":51,"column":null}},"18":{"start":{"line":53,"column":4},"end":{"line":53,"column":null}},"19":{"start":{"line":54,"column":4},"end":{"line":54,"column":null}}},"fnMap":{"0":{"name":"POST","decl":{"start":{"line":14,"column":22},"end":{"line":14,"column":27}},"loc":{"start":{"line":14,"column":45},"end":{"line":54,"column":null}},"line":14}},"branchMap":{"0":{"loc":{"start":{"line":18,"column":4},"end":{"line":22,"column":null}},"type":"if","locations":[{"start":{"line":18,"column":4},"end":{"line":22,"column":null}},{"start":{},"end":{}}],"line":18},"1":{"loc":{"start":{"line":20,"column":17},"end":{"line":20,"column":69}},"type":"binary-expr","locations":[{"start":{"line":20,"column":17},"end":{"line":20,"column":52}},{"start":{"line":20,"column":52},"end":{"line":20,"column":69}}],"line":20},"2":{"loc":{"start":{"line":28,"column":4},"end":{"line":29,"column":null}},"type":"if","locations":[{"start":{"line":28,"column":4},"end":{"line":29,"column":null}},{"start":{},"end":{}}],"line":28},"3":{"loc":{"start":{"line":44,"column":20},"end":{"line":44,"column":null}},"type":"binary-expr","locations":[{"start":{"line":44,"column":20},"end":{"line":44,"column":48}},{"start":{"line":44,"column":48},"end":{"line":44,"column":null}}],"line":44}},"s":{"0":1,"1":7,"2":7,"3":7,"4":7,"5":2,"6":5,"7":5,"8":4,"9":1,"10":3,"11":3,"12":3,"13":3,"14":3,"15":3,"16":7,"17":3,"18":1,"19":1},"f":{"0":7},"b":{"0":[2,5],"1":[2,0],"2":[1,3],"3":[3,3]},"meta":{"lastBranch":4,"lastFunction":1,"lastStatement":20,"seen":{"s:8:15:12:2":0,"f:14:22:14:27":0,"s:15:2:54:Infinity":1,"s:16:17:16:33":2,"s:17:19:17:41":3,"b:18:4:22:Infinity:undefined:undefined:undefined:undefined":0,"s:18:4:22:Infinity":4,"s:19:6:22:Infinity":5,"b:20:17:20:52:20:52:20:69":1,"s:25:38:25:Infinity":6,"s:27:21:27:71":7,"b:28:4:29:Infinity:undefined:undefined:undefined:undefined":2,"s:28:4:29:Infinity":8,"s:29:6:29:Infinity":9,"s:32:25:32:56":10,"s:34:17:36:6":11,"s:38:10:38:33":12,"s:39:22:39:64":13,"s:40:4:42:Infinity":14,"s:44:20:44:Infinity":15,"b:44:20:44:48:44:48:44:Infinity":3,"s:45:4:49:Infinity":16,"s:51:4:51:Infinity":17,"s:53:4:53:Infinity":18,"s:54:4:54:Infinity":19}}}
,"/home/runner/work/FinanceFrz/FinanceFrz/app/api/auth/verify/route.ts": {"path":"/home/runner/work/FinanceFrz/FinanceFrz/app/api/auth/verify/route.ts","statementMap":{"0":{"start":{"line":5,"column":2},"end":{"line":24,"column":null}},"1":{"start":{"line":6,"column":22},"end":{"line":6,"column":38}},"2":{"start":{"line":7,"column":4},"end":{"line":7,"column":null}},"3":{"start":{"line":7,"column":16},"end":{"line":7,"column":null}},"4":{"start":{"line":9,"column":30},"end":{"line":9,"column":93}},"5":{"start":{"line":10,"column":4},"end":{"line":11,"column":null}},"6":{"start":{"line":11,"column":6},"end":{"line":11,"column":null}},"7":{"start":{"line":14,"column":4},"end":{"line":17,"column":null}},"8":{"start":{"line":19,"column":4},"end":{"line":19,"column":null}},"9":{"start":{"line":21,"column":4},"end":{"line":21,"column":null}},"10":{"start":{"line":23,"column":4},"end":{"line":23,"column":null}},"11":{"start":{"line":24,"column":4},"end":{"line":24,"column":null}}},"fnMap":{"0":{"name":"POST","decl":{"start":{"line":4,"column":22},"end":{"line":4,"column":27}},"loc":{"start":{"line":4,"column":45},"end":{"line":24,"column":null}},"line":4}},"branchMap":{"0":{"loc":{"start":{"line":7,"column":4},"end":{"line":7,"column":null}},"type":"if","locations":[{"start":{"line":7,"column":4},"end":{"line":7,"column":null}},{"start":{},"end":{}}],"line":7},"1":{"loc":{"start":{"line":10,"column":4},"end":{"line":11,"column":null}},"type":"if","locations":[{"start":{"line":10,"column":4},"end":{"line":11,"column":null}},{"start":{},"end":{}}],"line":10},"2":{"loc":{"start":{"line":10,"column":8},"end":{"line":10,"column":70}},"type":"binary-expr","locations":[{"start":{"line":10,"column":8},"end":{"line":10,"column":30}},{"start":{"line":10,"column":30},"end":{"line":10,"column":70}}],"line":10}},"s":{"0":0,"1":0,"2":0,"3":0,"4":0,"5":0,"6":0,"7":0,"8":0,"9":0,"10":0,"11":0},"f":{"0":0},"b":{"0":[0,0],"1":[0,0],"2":[0,0]},"meta":{"lastBranch":3,"lastFunction":1,"lastStatement":12,"seen":{"f:4:22:4:27":0,"s:5:2:24:Infinity":0,"s:6:22:6:38":1,"b:7:4:7:Infinity:undefined:undefined:undefined:undefined":0,"s:7:4:7:Infinity":2,"s:7:16:7:Infinity":3,"s:9:30:9:93":4,"b:10:4:11:Infinity:undefined:undefined:undefined:undefined":1,"s:10:4:11:Infinity":5,"b:10:8:10:30:10:30:10:70":2,"s:11:6:11:Infinity":6,"s:14:4:17:Infinity":7,"s:19:4:19:Infinity":8,"s:21:4:21:Infinity":9,"s:23:4:23:Infinity":10,"s:24:4:24:Infinity":11}}}
,"/home/runner/work/FinanceFrz/FinanceFrz/app/api/categories/route.ts": {"path":"/home/runner/work/FinanceFrz/FinanceFrz/app/api/categories/route.ts","statementMap":{"0":{"start":{"line":6,"column":15},"end":{"line":10,"column":2}},"1":{"start":{"line":13,"column":2},"end":{"line":24,"column":null}},"2":{"start":{"line":14,"column":17},"end":{"line":14,"column":44}},"3":{"start":{"line":15,"column":23},"end":{"line":18,"column":6}},"4":{"start":{"line":19,"column":4},"end":{"line":19,"column":null}},"5":{"start":{"line":21,"column":4},"end":{"line":22,"column":null}},"6":{"start":{"line":22,"column":6},"end":{"line":22,"column":null}},"7":{"start":{"line":24,"column":4},"end":{"line":24,"column":null}},"8":{"start":{"line":29,"column":2},"end":{"line":44,"column":null}},"9":{"start":{"line":30,"column":17},"end":{"line":30,"column":44}},"10":{"start":{"line":31,"column":17},"end":{"line":31,"column":33}},"11":{"start":{"line":32,"column":19},"end":{"line":32,"column":41}},"12":{"start":{"line":33,"column":4},"end":{"line":34,"column":null}},"13":{"start":{"line":34,"column":6},"end":{"line":34,"column":null}},"14":{"start":{"line":36,"column":21},"end":{"line":38,"column":6}},"15":{"start":{"line":39,"column":4},"end":{"line":39,"column":null}},"16":{"start":{"line":41,"column":4},"end":{"line":42,"column":null}},"17":{"start":{"line":42,"column":6},"end":{"line":42,"column":null}},"18":{"start":{"line":44,"column":4},"end":{"line":44,"column":null}}},"fnMap":{"0":{"name":"GET","decl":{"start":{"line":12,"column":22},"end":{"line":12,"column":26}},"loc":{"start":{"line":12,"column":44},"end":{"line":24,"column":null}},"line":12},"1":{"name":"POST","decl":{"start":{"line":28,"column":22},"end":{"line":28,"column":27}},"loc":{"start":{"line":28,"column":45},"end":{"line":44,"column":null}},"line":28}},"branchMap":{"0":{"loc":{"start":{"line":21,"column":4},"end":{"line":22,"column":null}},"type":"if","locations":[{"start":{"line":21,"column":4},"end":{"line":22,"column":null}},{"start":{},"end":{}}],"line":21},"1":{"loc":{"start":{"line":21,"column":8},"end":{"line":21,"column":80}},"type":"binary-expr","locations":[{"start":{"line":21,"column":8},"end":{"line":21,"column":42}},{"start":{"line":21,"column":42},"end":{"line":21,"column":80}}],"line":21},"2":{"loc":{"start":{"line":33,"column":4},"end":{"line":34,"column":null}},"type":"if","locations":[{"start":{"line":33,"column":4},"end":{"line":34,"column":null}},{"start":{},"end":{}}],"line":33},"3":{"loc":{"start":{"line":41,"column":4},"end":{"line":42,"column":null}},"type":"if","locations":[{"start":{"line":41,"column":4},"end":{"line":42,"column":null}},{"start":{},"end":{}}],"line":41},"4":{"loc":{"start":{"line":41,"column":8},"end":{"line":41,"column":80}},"type":"binary-expr","locations":[{"start":{"line":41,"column":8},"end":{"line":41,"column":42}},{"start":{"line":41,"column":42},"end":{"line":41,"column":80}}],"line":41}},"s":{"0":1,"1":4,"2":4,"3":3,"4":2,"5":2,"6":1,"7":1,"8":7,"9":7,"10":6,"11":6,"12":6,"13":3,"14":3,"15":2,"16":2,"17":1,"18":1},"f":{"0":4,"1":7},"b":{"0":[1,1],"1":[2,1],"2":[3,3],"3":[1,1],"4":[2,1]},"meta":{"lastBranch":5,"lastFunction":2,"lastStatement":19,"seen":{"s:6:15:10:2":0,"f:12:22:12:26":0,"s:13:2:24:Infinity":1,"s:14:17:14:44":2,"s:15:23:18:6":3,"s:19:4:19:Infinity":4,"b:21:4:22:Infinity:undefined:undefined:undefined:undefined":0,"s:21:4:22:Infinity":5,"b:21:8:21:42:21:42:21:80":1,"s:22:6:22:Infinity":6,"s:24:4:24:Infinity":7,"f:28:22:28:27":1,"s:29:2:44:Infinity":8,"s:30:17:30:44":9,"s:31:17:31:33":10,"s:32:19:32:41":11,"b:33:4:34:Infinity:undefined:undefined:undefined:undefined":2,"s:33:4:34:Infinity":12,"s:34:6:34:Infinity":13,"s:36:21:38:6":14,"s:39:4:39:Infinity":15,"b:41:4:42:Infinity:undefined:undefined:undefined:undefined":3,"s:41:4:42:Infinity":16,"b:41:8:41:42:41:42:41:80":4,"s:42:6:42:Infinity":17,"s:44:4:44:Infinity":18}}}
,"/home/runner/work/FinanceFrz/FinanceFrz/app/api/categories/[id]/route.ts": {"path":"/home/runner/work/FinanceFrz/FinanceFrz/app/api/categories/[id]/route.ts","statementMap":{"0":{"start":{"line":6,"column":15},"end":{"line":10,"column":2}},"1":{"start":{"line":15,"column":2},"end":{"line":32,"column":null}},"2":{"start":{"line":16,"column":17},"end":{"line":16,"column":44}},"3":{"start":{"line":17,"column":19},"end":{"line":17,"column":null}},"4":{"start":{"line":18,"column":21},"end":{"line":18,"column":88}},"5":{"start":{"line":19,"column":4},"end":{"line":19,"column":null}},"6":{"start":{"line":19,"column":19},"end":{"line":19,"column":null}},"7":{"start":{"line":21,"column":17},"end":{"line":21,"column":33}},"8":{"start":{"line":22,"column":19},"end":{"line":22,"column":41}},"9":{"start":{"line":23,"column":4},"end":{"line":24,"column":null}},"10":{"start":{"line":24,"column":6},"end":{"line":24,"column":null}},"11":{"start":{"line":26,"column":21},"end":{"line":26,"column":87}},"12":{"start":{"line":27,"column":4},"end":{"line":27,"column":null}},"13":{"start":{"line":29,"column":4},"end":{"line":30,"column":null}},"14":{"start":{"line":30,"column":6},"end":{"line":30,"column":null}},"15":{"start":{"line":32,"column":4},"end":{"line":32,"column":null}},"16":{"start":{"line":37,"column":2},"end":{"line":49,"column":null}},"17":{"start":{"line":38,"column":17},"end":{"line":38,"column":44}},"18":{"start":{"line":39,"column":19},"end":{"line":39,"column":null}},"19":{"start":{"line":40,"column":21},"end":{"line":40,"column":88}},"20":{"start":{"line":41,"column":4},"end":{"line":41,"column":null}},"21":{"start":{"line":41,"column":19},"end":{"line":41,"column":null}},"22":{"start":{"line":43,"column":4},"end":{"line":43,"column":null}},"23":{"start":{"line":44,"column":4},"end":{"line":44,"column":null}},"24":{"start":{"line":46,"column":4},"end":{"line":47,"column":null}},"25":{"start":{"line":47,"column":6},"end":{"line":47,"column":null}},"26":{"start":{"line":49,"column":4},"end":{"line":49,"column":null}}},"fnMap":{"0":{"name":"PUT","decl":{"start":{"line":14,"column":22},"end":{"line":14,"column":26}},"loc":{"start":{"line":14,"column":64},"end":{"line":32,"column":null}},"line":14},"1":{"name":"DELETE","decl":{"start":{"line":36,"column":22},"end":{"line":36,"column":29}},"loc":{"start":{"line":36,"column":67},"end":{"line":49,"column":null}},"line":36}},"branchMap":{"0":{"loc":{"start":{"line":19,"column":4},"end":{"line":19,"column":null}},"type":"if","locations":[{"start":{"line":19,"column":4},"end":{"line":19,"column":null}},{"start":{},"end":{}}],"line":19},"1":{"loc":{"start":{"line":23,"column":4},"end":{"line":24,"column":null}},"type":"if","locations":[{"start":{"line":23,"column":4},"end":{"line":24,"column":null}},{"start":{},"end":{}}],"line":23},"2":{"loc":{"start":{"line":29,"column":4},"end":{"line":30,"column":null}},"type":"if","locations":[{"start":{"line":29,"column":4},"end":{"line":30,"column":null}},{"start":{},"end":{}}],"line":29},"3":{"loc":{"start":{"line":29,"column":8},"end":{"line":29,"column":80}},"type":"binary-expr","locations":[{"start":{"line":29,"column":8},"end":{"line":29,"column":42}},{"start":{"line":29,"column":42},"end":{"line":29,"column":80}}],"line":29},"4":{"loc":{"start":{"line":41,"column":4},"end":{"line":41,"column":null}},"type":"if","locations":[{"start":{"line":41,"column":4},"end":{"line":41,"column":null}},{"start":{},"end":{}}],"line":41},"5":{"loc":{"start":{"line":46,"column":4},"end":{"line":47,"column":null}},"type":"if","locations":[{"start":{"line":46,"column":4},"end":{"line":47,"column":null}},{"start":{},"end":{}}],"line":46},"6":{"loc":{"start":{"line":46,"column":8},"end":{"line":46,"column":80}},"type":"binary-expr","locations":[{"start":{"line":46,"column":8},"end":{"line":46,"column":42}},{"start":{"line":46,"column":42},"end":{"line":46,"column":80}}],"line":46}},"s":{"0":1,"1":5,"2":5,"3":4,"4":4,"5":3,"6":3,"7":2,"8":2,"9":2,"10":1,"11":1,"12":1,"13":2,"14":1,"15":1,"16":4,"17":4,"18":3,"19":3,"20":2,"21":2,"22":1,"23":1,"24":2,"25":1,"26":1},"f":{"0":5,"1":4},"b":{"0":[1,2],"1":[1,1],"2":[1,1],"3":[2,1],"4":[1,1],"5":[1,1],"6":[2,1]},"meta":{"lastBranch":7,"lastFunction":2,"lastStatement":27,"seen":{"s:6:15:10:2":0,"f:14:22:14:26":0,"s:15:2:32:Infinity":1,"s:16:17:16:44":2,"s:17:19:17:Infinity":3,"s:18:21:18:88":4,"b:19:4:19:Infinity:undefined:undefined:undefined:undefined":0,"s:19:4:19:Infinity":5,"s:19:19:19:Infinity":6,"s:21:17:21:33":7,"s:22:19:22:41":8,"b:23:4:24:Infinity:undefined:undefined:undefined:undefined":1,"s:23:4:24:Infinity":9,"s:24:6:24:Infinity":10,"s:26:21:26:87":11,"s:27:4:27:Infinity":12,"b:29:4:30:Infinity:undefined:undefined:undefined:undefined":2,"s:29:4:30:Infinity":13,"b:29:8:29:42:29:42:29:80":3,"s:30:6:30:Infinity":14,"s:32:4:32:Infinity":15,"f:36:22:36:29":1,"s:37:2:49:Infinity":16,"s:38:17:38:44":17,"s:39:19:39:Infinity":18,"s:40:21:40:88":19,"b:41:4:41:Infinity:undefined:undefined:undefined:undefined":4,"s:41:4:41:Infinity":20,"s:41:19:41:Infinity":21,"s:43:4:43:Infinity":22,"s:44:4:44:Infinity":23,"b:46:4:47:Infinity:undefined:undefined:undefined:undefined":5,"s:46:4:47:Infinity":24,"b:46:8:46:42:46:42:46:80":6,"s:47:6:47:Infinity":25,"s:49:4:49:Infinity":26}}}
,"/home/runner/work/FinanceFrz/FinanceFrz/app/api/locale/route.ts": {"path":"/home/runner/work/FinanceFrz/FinanceFrz/app/api/locale/route.ts","statementMap":{"0":{"start":{"line":5,"column":21},"end":{"line":5,"column":41}},"1":{"start":{"line":6,"column":2},"end":{"line":7,"column":null}},"2":{"start":{"line":7,"column":4},"end":{"line":7,"column":null}},"3":{"start":{"line":9,"column":19},"end":{"line":9,"column":55}},"4":{"start":{"line":10,"column":2},"end":{"line":15,"column":null}},"5":{"start":{"line":16,"column":2},"end":{"line":16,"column":null}}},"fnMap":{"0":{"name":"POST","decl":{"start":{"line":4,"column":22},"end":{"line":4,"column":27}},"loc":{"start":{"line":4,"column":49},"end":{"line":16,"column":null}},"line":4}},"branchMap":{"0":{"loc":{"start":{"line":6,"column":2},"end":{"line":7,"column":null}},"type":"if","locations":[{"start":{"line":6,"column":2},"end":{"line":7,"column":null}},{"start":{},"end":{}}],"line":6}},"s":{"0":4,"1":4,"2":2,"3":2,"4":2,"5":2},"f":{"0":4},"b":{"0":[2,2]},"meta":{"lastBranch":1,"lastFunction":1,"lastStatement":6,"seen":{"f:4:22:4:27":0,"s:5:21:5:41":0,"b:6:2:7:Infinity:undefined:undefined:undefined:undefined":0,"s:6:2:7:Infinity":1,"s:7:4:7:Infinity":2,"s:9:19:9:55":3,"s:10:2:15:Infinity":4,"s:16:2:16:Infinity":5}}}
,"/home/runner/work/FinanceFrz/FinanceFrz/app/api/transactions/route.ts": {"path":"/home/runner/work/FinanceFrz/FinanceFrz/app/api/transactions/route.ts","statementMap":{"0":{"start":{"line":6,"column":15},"end":{"line":13,"column":2}},"1":{"start":{"line":16,"column":2},"end":{"line":61,"column":null}},"2":{"start":{"line":17,"column":17},"end":{"line":17,"column":44}},"3":{"start":{"line":18,"column":29},"end":{"line":18,"column":45}},"4":{"start":{"line":20,"column":17},"end":{"line":20,"column":58}},"5":{"start":{"line":21,"column":18},"end":{"line":21,"column":61}},"6":{"start":{"line":22,"column":10},"end":{"line":22,"column":null}},"7":{"start":{"line":24,"column":22},"end":{"line":24,"column":51}},"8":{"start":{"line":25,"column":23},"end":{"line":25,"column":53}},"9":{"start":{"line":26,"column":17},"end":{"line":26,"column":41}},"10":{"start":{"line":27,"column":21},"end":{"line":27,"column":49}},"11":{"start":{"line":28,"column":19},"end":{"line":28,"column":45}},"12":{"start":{"line":29,"column":19},"end":{"line":29,"column":null}},"13":{"start":{"line":30,"column":20},"end":{"line":30,"column":null}},"14":{"start":{"line":32,"column":23},"end":{"line":32,"column":42}},"15":{"start":{"line":33,"column":4},"end":{"line":33,"column":null}},"16":{"start":{"line":33,"column":19},"end":{"line":33,"column":null}},"17":{"start":{"line":34,"column":4},"end":{"line":34,"column":null}},"18":{"start":{"line":34,"column":20},"end":{"line":34,"column":null}},"19":{"start":{"line":35,"column":4},"end":{"line":35,"column":null}},"20":{"start":{"line":35,"column":14},"end":{"line":35,"column":null}},"21":{"start":{"line":36,"column":4},"end":{"line":39,"column":null}},"22":{"start":{"line":37,"column":6},"end":{"line":37,"column":null}},"23":{"start":{"line":38,"column":6},"end":{"line":38,"column":null}},"24":{"start":{"line":38,"column":20},"end":{"line":38,"column":null}},"25":{"start":{"line":39,"column":6},"end":{"line":39,"column":null}},"26":{"start":{"line":39,"column":18},"end":{"line":39,"column":null}},"27":{"start":{"line":42,"column":34},"end":{"line":54,"column":6}},"28":{"start":{"line":56,"column":4},"end":{"line":56,"column":null}},"29":{"start":{"line":58,"column":4},"end":{"line":59,"column":null}},"30":{"start":{"line":59,"column":6},"end":{"line":59,"column":null}},"31":{"start":{"line":61,"column":4},"end":{"line":61,"column":null}},"32":{"start":{"line":66,"column":2},"end":{"line":98,"column":null}},"33":{"start":{"line":67,"column":17},"end":{"line":67,"column":44}},"34":{"start":{"line":68,"column":17},"end":{"line":68,"column":33}},"35":{"start":{"line":69,"column":19},"end":{"line":69,"column":41}},"36":{"start":{"line":70,"column":4},"end":{"line":71,"column":null}},"37":{"start":{"line":71,"column":6},"end":{"line":71,"column":null}},"38":{"start":{"line":75,"column":32},"end":{"line":78,"column":6}},"39":{"start":{"line":79,"column":4},"end":{"line":79,"column":null}},"40":{"start":{"line":79,"column":18},"end":{"line":79,"column":null}},"41":{"start":{"line":80,"column":4},"end":{"line":80,"column":null}},"42":{"start":{"line":80,"column":19},"end":{"line":80,"column":null}},"43":{"start":{"line":82,"column":24},"end":{"line":92,"column":6}},"44":{"start":{"line":93,"column":4},"end":{"line":93,"column":null}},"45":{"start":{"line":95,"column":4},"end":{"line":96,"column":null}},"46":{"start":{"line":96,"column":6},"end":{"line":96,"column":null}},"47":{"start":{"line":98,"column":4},"end":{"line":98,"column":null}}},"fnMap":{"0":{"name":"GET","decl":{"start":{"line":15,"column":22},"end":{"line":15,"column":26}},"loc":{"start":{"line":15,"column":44},"end":{"line":61,"column":null}},"line":15},"1":{"name":"POST","decl":{"start":{"line":65,"column":22},"end":{"line":65,"column":27}},"loc":{"start":{"line":65,"column":45},"end":{"line":98,"column":null}},"line":65}},"branchMap":{"0":{"loc":{"start":{"line":20,"column":26},"end":{"line":20,"column":58}},"type":"binary-expr","locations":[{"start":{"line":20,"column":26},"end":{"line":20,"column":50}},{"start":{"line":20,"column":54},"end":{"line":20,"column":58}}],"line":20},"1":{"loc":{"start":{"line":21,"column":27},"end":{"line":21,"column":61}},"type":"binary-expr","locations":[{"start":{"line":21,"column":27},"end":{"line":21,"column":52}},{"start":{"line":21,"column":56},"end":{"line":21,"column":61}}],"line":21},"2":{"loc":{"start":{"line":29,"column":19},"end":{"line":29,"column":null}},"type":"binary-expr","locations":[{"start":{"line":29,"column":19},"end":{"line":29,"column":45}},{"start":{"line":29,"column":49},"end":{"line":29,"column":null}}],"line":29},"3":{"loc":{"start":{"line":30,"column":20},"end":{"line":30,"column":null}},"type":"binary-expr","locations":[{"start":{"line":30,"column":20},"end":{"line":30,"column":47}},{"start":{"line":30,"column":51},"end":{"line":30,"column":null}}],"line":30},"4":{"loc":{"start":{"line":33,"column":4},"end":{"line":33,"column":null}},"type":"if","locations":[{"start":{"line":33,"column":4},"end":{"line":33,"column":null}},{"start":{},"end":{}}],"line":33},"5":{"loc":{"start":{"line":34,"column":4},"end":{"line":34,"column":null}},"type":"if","locations":[{"start":{"line":34,"column":4},"end":{"line":34,"column":null}},{"start":{},"end":{}}],"line":34},"6":{"loc":{"start":{"line":35,"column":4},"end":{"line":35,"column":null}},"type":"if","locations":[{"start":{"line":35,"column":4},"end":{"line":35,"column":null}},{"start":{},"end":{}}],"line":35},"7":{"loc":{"start":{"line":36,"column":4},"end":{"line":39,"column":null}},"type":"if","locations":[{"start":{"line":36,"column":4},"end":{"line":39,"column":null}},{"start":{},"end":{}}],"line":36},"8":{"loc":{"start":{"line":36,"column":8},"end":{"line":36,"column":28}},"type":"binary-expr","locations":[{"start":{"line":36,"column":8},"end":{"line":36,"column":20}},{"start":{"line":36,"column":20},"end":{"line":36,"column":28}}],"line":36},"9":{"loc":{"start":{"line":38,"column":6},"end":{"line":38,"column":null}},"type":"if","locations":[{"start":{"line":38,"column":6},"end":{"line":38,"column":null}},{"start":{},"end":{}}],"line":38},"10":{"loc":{"start":{"line":39,"column":6},"end":{"line":39,"column":null}},"type":"if","locations":[{"start":{"line":39,"column":6},"end":{"line":39,"column":null}},{"start":{},"end":{}}],"line":39},"11":{"loc":{"start":{"line":58,"column":4},"end":{"line":59,"column":null}},"type":"if","locations":[{"start":{"line":58,"column":4},"end":{"line":59,"column":null}},{"start":{},"end":{}}],"line":58},"12":{"loc":{"start":{"line":58,"column":8},"end":{"line":58,"column":80}},"type":"binary-expr","locations":[{"start":{"line":58,"column":8},"end":{"line":58,"column":42}},{"start":{"line":58,"column":42},"end":{"line":58,"column":80}}],"line":58},"13":{"loc":{"start":{"line":70,"column":4},"end":{"line":71,"column":null}},"type":"if","locations":[{"start":{"line":70,"column":4},"end":{"line":71,"column":null}},{"start":{},"end":{}}],"line":70},"14":{"loc":{"start":{"line":79,"column":4},"end":{"line":79,"column":null}},"type":"if","locations":[{"start":{"line":79,"column":4},"end":{"line":79,"column":null}},{"start":{},"end":{}}],"line":79},"15":{"loc":{"start":{"line":80,"column":4},"end":{"line":80,"column":null}},"type":"if","locations":[{"start":{"line":80,"column":4},"end":{"line":80,"column":null}},{"start":{},"end":{}}],"line":80},"16":{"loc":{"start":{"line":95,"column":4},"end":{"line":96,"column":null}},"type":"if","locations":[{"start":{"line":95,"column":4},"end":{"line":96,"column":null}},{"start":{},"end":{}}],"line":95},"17":{"loc":{"start":{"line":95,"column":8},"end":{"line":95,"column":80}},"type":"binary-expr","locations":[{"start":{"line":95,"column":8},"end":{"line":95,"column":42}},{"start":{"line":95,"column":42},"end":{"line":95,"column":80}}],"line":95}},"s":{"0":1,"1":7,"2":7,"3":6,"4":6,"5":7,"6":7,"7":7,"8":7,"9":7,"10":7,"11":7,"12":7,"13":7,"14":7,"15":7,"16":1,"17":6,"18":6,"19":6,"20":6,"21":6,"22":1,"23":1,"24":1,"25":1,"26":1,"27":6,"28":5,"29":2,"30":1,"31":1,"32":7,"33":7,"34":6,"35":6,"36":6,"37":2,"38":4,"39":3,"40":3,"41":2,"42":2,"43":1,"44":1,"45":2,"46":1,"47":1},"f":{"0":7,"1":7},"b":{"0":[6,5],"1":[7,5],"2":[7,6],"3":[7,6],"4":[1,6],"5":[1,5],"6":[1,5],"7":[1,5],"8":[6,5],"9":[1,0],"10":[1,0],"11":[1,1],"12":[2,1],"13":[2,4],"14":[1,2],"15":[1,1],"16":[1,1],"17":[2,1]},"meta":{"lastBranch":18,"lastFunction":2,"lastStatement":48,"seen":{"s:6:15:13:2":0,"f:15:22:15:26":0,"s:16:2:61:Infinity":1,"s:17:17:17:44":2,"s:18:29:18:45":3,"s:20:17:20:58":4,"b:20:26:20:50:20:54:20:58":0,"s:21:18:21:61":5,"b:21:27:21:52:21:56:21:61":1,"s:22:10:22:Infinity":6,"s:24:22:24:51":7,"s:25:23:25:53":8,"s:26:17:26:41":9,"s:27:21:27:49":10,"s:28:19:28:45":11,"s:29:19:29:Infinity":12,"b:29:19:29:45:29:49:29:Infinity":2,"s:30:20:30:Infinity":13,"b:30:20:30:47:30:51:30:Infinity":3,"s:32:23:32:42":14,"b:33:4:33:Infinity:undefined:undefined:undefined:undefined":4,"s:33:4:33:Infinity":15,"s:33:19:33:Infinity":16,"b:34:4:34:Infinity:undefined:undefined:undefined:undefined":5,"s:34:4:34:Infinity":17,"s:34:20:34:Infinity":18,"b:35:4:35:Infinity:undefined:undefined:undefined:undefined":6,"s:35:4:35:Infinity":19,"s:35:14:35:Infinity":20,"b:36:4:39:Infinity:undefined:undefined:undefined:undefined":7,"s:36:4:39:Infinity":21,"b:36:8:36:20:36:20:36:28":8,"s:37:6:37:Infinity":22,"b:38:6:38:Infinity:undefined:undefined:undefined:undefined":9,"s:38:6:38:Infinity":23,"s:38:20:38:Infinity":24,"b:39:6:39:Infinity:undefined:undefined:undefined:undefined":10,"s:39:6:39:Infinity":25,"s:39:18:39:Infinity":26,"s:42:34:54:6":27,"s:56:4:56:Infinity":28,"b:58:4:59:Infinity:undefined:undefined:undefined:undefined":11,"s:58:4:59:Infinity":29,"b:58:8:58:42:58:42:58:80":12,"s:59:6:59:Infinity":30,"s:61:4:61:Infinity":31,"f:65:22:65:27":1,"s:66:2:98:Infinity":32,"s:67:17:67:44":33,"s:68:17:68:33":34,"s:69:19:69:41":35,"b:70:4:71:Infinity:undefined:undefined:undefined:undefined":13,"s:70:4:71:Infinity":36,"s:71:6:71:Infinity":37,"s:75:32:78:6":38,"b:79:4:79:Infinity:undefined:undefined:undefined:undefined":14,"s:79:4:79:Infinity":39,"s:79:18:79:Infinity":40,"b:80:4:80:Infinity:undefined:undefined:undefined:undefined":15,"s:80:4:80:Infinity":41,"s:80:19:80:Infinity":42,"s:82:24:92:6":43,"s:93:4:93:Infinity":44,"b:95:4:96:Infinity:undefined:undefined:undefined:undefined":16,"s:95:4:96:Infinity":45,"b:95:8:95:42:95:42:95:80":17,"s:96:6:96:Infinity":46,"s:98:4:98:Infinity":47}}}
,"/home/runner/work/FinanceFrz/FinanceFrz/app/api/transactions/[id]/route.ts": {"path":"/home/runner/work/FinanceFrz/FinanceFrz/app/api/transactions/[id]/route.ts","statementMap":{"0":{"start":{"line":6,"column":15},"end":{"line":13,"column":2}},"1":{"start":{"line":18,"column":2},"end":{"line":55,"column":null}},"2":{"start":{"line":19,"column":17},"end":{"line":19,"column":44}},"3":{"start":{"line":20,"column":19},"end":{"line":20,"column":null}},"4":{"start":{"line":21,"column":21},"end":{"line":21,"column":91}},"5":{"start":{"line":22,"column":4},"end":{"line":22,"column":null}},"6":{"start":{"line":22,"column":19},"end":{"line":22,"column":null}},"7":{"start":{"line":24,"column":17},"end":{"line":24,"column":33}},"8":{"start":{"line":25,"column":19},"end":{"line":25,"column":41}},"9":{"start":{"line":26,"column":4},"end":{"line":27,"column":null}},"10":{"start":{"line":27,"column":6},"end":{"line":27,"column":null}},"11":{"start":{"line":30,"column":22},"end":{"line":30,"column":40}},"12":{"start":{"line":31,"column":4},"end":{"line":31,"column":null}},"13":{"start":{"line":31,"column":19},"end":{"line":31,"column":null}},"14":{"start":{"line":33,"column":4},"end":{"line":35,"column":null}},"15":{"start":{"line":34,"column":22},"end":{"line":34,"column":104}},"16":{"start":{"line":35,"column":6},"end":{"line":35,"column":null}},"17":{"start":{"line":35,"column":20},"end":{"line":35,"column":null}},"18":{"start":{"line":37,"column":4},"end":{"line":39,"column":null}},"19":{"start":{"line":38,"column":23},"end":{"line":38,"column":107}},"20":{"start":{"line":39,"column":6},"end":{"line":39,"column":null}},"21":{"start":{"line":39,"column":21},"end":{"line":39,"column":null}},"22":{"start":{"line":42,"column":24},"end":{"line":49,"column":6}},"23":{"start":{"line":50,"column":4},"end":{"line":50,"column":null}},"24":{"start":{"line":52,"column":4},"end":{"line":53,"column":null}},"25":{"start":{"line":53,"column":6},"end":{"line":53,"column":null}},"26":{"start":{"line":55,"column":4},"end":{"line":55,"column":null}},"27":{"start":{"line":60,"column":2},"end":{"line":72,"column":null}},"28":{"start":{"line":61,"column":17},"end":{"line":61,"column":44}},"29":{"start":{"line":62,"column":19},"end":{"line":62,"column":null}},"30":{"start":{"line":63,"column":21},"end":{"line":63,"column":91}},"31":{"start":{"line":64,"column":4},"end":{"line":64,"column":null}},"32":{"start":{"line":64,"column":19},"end":{"line":64,"column":null}},"33":{"start":{"line":66,"column":4},"end":{"line":66,"column":null}},"34":{"start":{"line":67,"column":4},"end":{"line":67,"column":null}},"35":{"start":{"line":69,"column":4},"end":{"line":70,"column":null}},"36":{"start":{"line":70,"column":6},"end":{"line":70,"column":null}},"37":{"start":{"line":72,"column":4},"end":{"line":72,"column":null}}},"fnMap":{"0":{"name":"PUT","decl":{"start":{"line":17,"column":22},"end":{"line":17,"column":26}},"loc":{"start":{"line":17,"column":64},"end":{"line":55,"column":null}},"line":17},"1":{"name":"DELETE","decl":{"start":{"line":59,"column":22},"end":{"line":59,"column":29}},"loc":{"start":{"line":59,"column":67},"end":{"line":72,"column":null}},"line":59}},"branchMap":{"0":{"loc":{"start":{"line":22,"column":4},"end":{"line":22,"column":null}},"type":"if","locations":[{"start":{"line":22,"column":4},"end":{"line":22,"column":null}},{"start":{},"end":{}}],"line":22},"1":{"loc":{"start":{"line":26,"column":4},"end":{"line":27,"column":null}},"type":"if","locations":[{"start":{"line":26,"column":4},"end":{"line":27,"column":null}},{"start":{},"end":{}}],"line":26},"2":{"loc":{"start":{"line":31,"column":4},"end":{"line":31,"column":null}},"type":"if","locations":[{"start":{"line":31,"column":4},"end":{"line":31,"column":null}},{"start":{},"end":{}}],"line":31},"3":{"loc":{"start":{"line":33,"column":4},"end":{"line":35,"column":null}},"type":"if","locations":[{"start":{"line":33,"column":4},"end":{"line":35,"column":null}},{"start":{},"end":{}}],"line":33},"4":{"loc":{"start":{"line":35,"column":6},"end":{"line":35,"column":null}},"type":"if","locations":[{"start":{"line":35,"column":6},"end":{"line":35,"column":null}},{"start":{},"end":{}}],"line":35},"5":{"loc":{"start":{"line":37,"column":4},"end":{"line":39,"column":null}},"type":"if","locations":[{"start":{"line":37,"column":4},"end":{"line":39,"column":null}},{"start":{},"end":{}}],"line":37},"6":{"loc":{"start":{"line":39,"column":6},"end":{"line":39,"column":null}},"type":"if","locations":[{"start":{"line":39,"column":6},"end":{"line":39,"column":null}},{"start":{},"end":{}}],"line":39},"7":{"loc":{"start":{"line":52,"column":4},"end":{"line":53,"column":null}},"type":"if","locations":[{"start":{"line":52,"column":4},"end":{"line":53,"column":null}},{"start":{},"end":{}}],"line":52},"8":{"loc":{"start":{"line":52,"column":8},"end":{"line":52,"column":80}},"type":"binary-expr","locations":[{"start":{"line":52,"column":8},"end":{"line":52,"column":42}},{"start":{"line":52,"column":42},"end":{"line":52,"column":80}}],"line":52},"9":{"loc":{"start":{"line":64,"column":4},"end":{"line":64,"column":null}},"type":"if","locations":[{"start":{"line":64,"column":4},"end":{"line":64,"column":null}},{"start":{},"end":{}}],"line":64},"10":{"loc":{"start":{"line":69,"column":4},"end":{"line":70,"column":null}},"type":"if","locations":[{"start":{"line":69,"column":4},"end":{"line":70,"column":null}},{"start":{},"end":{}}],"line":69},"11":{"loc":{"start":{"line":69,"column":8},"end":{"line":69,"column":80}},"type":"binary-expr","locations":[{"start":{"line":69,"column":8},"end":{"line":69,"column":42}},{"start":{"line":69,"column":42},"end":{"line":69,"column":80}}],"line":69}},"s":{"0":1,"1":8,"2":8,"3":7,"4":7,"5":6,"6":6,"7":5,"8":5,"9":5,"10":1,"11":4,"12":4,"13":1,"14":4,"15":2,"16":2,"17":1,"18":3,"19":1,"20":1,"21":1,"22":2,"23":2,"24":2,"25":1,"26":1,"27":4,"28":4,"29":3,"30":3,"31":2,"32":2,"33":1,"34":1,"35":2,"36":1,"37":1},"f":{"0":8,"1":4},"b":{"0":[1,5],"1":[1,4],"2":[1,3],"3":[2,2],"4":[1,1],"5":[1,2],"6":[1,0],"7":[1,1],"8":[2,1],"9":[1,1],"10":[1,1],"11":[2,1]},"meta":{"lastBranch":12,"lastFunction":2,"lastStatement":38,"seen":{"s:6:15:13:2":0,"f:17:22:17:26":0,"s:18:2:55:Infinity":1,"s:19:17:19:44":2,"s:20:19:20:Infinity":3,"s:21:21:21:91":4,"b:22:4:22:Infinity:undefined:undefined:undefined:undefined":0,"s:22:4:22:Infinity":5,"s:22:19:22:Infinity":6,"s:24:17:24:33":7,"s:25:19:25:41":8,"b:26:4:27:Infinity:undefined:undefined:undefined:undefined":1,"s:26:4:27:Infinity":9,"s:27:6:27:Infinity":10,"s:30:22:30:40":11,"b:31:4:31:Infinity:undefined:undefined:undefined:undefined":2,"s:31:4:31:Infinity":12,"s:31:19:31:Infinity":13,"b:33:4:35:Infinity:undefined:undefined:undefined:undefined":3,"s:33:4:35:Infinity":14,"s:34:22:34:104":15,"b:35:6:35:Infinity:undefined:undefined:undefined:undefined":4,"s:35:6:35:Infinity":16,"s:35:20:35:Infinity":17,"b:37:4:39:Infinity:undefined:undefined:undefined:undefined":5,"s:37:4:39:Infinity":18,"s:38:23:38:107":19,"b:39:6:39:Infinity:undefined:undefined:undefined:undefined":6,"s:39:6:39:Infinity":20,"s:39:21:39:Infinity":21,"s:42:24:49:6":22,"s:50:4:50:Infinity":23,"b:52:4:53:Infinity:undefined:undefined:undefined:undefined":7,"s:52:4:53:Infinity":24,"b:52:8:52:42:52:42:52:80":8,"s:53:6:53:Infinity":25,"s:55:4:55:Infinity":26,"f:59:22:59:29":1,"s:60:2:72:Infinity":27,"s:61:17:61:44":28,"s:62:19:62:Infinity":29,"s:63:21:63:91":30,"b:64:4:64:Infinity:undefined:undefined:undefined:undefined":9,"s:64:4:64:Infinity":31,"s:64:19:64:Infinity":32,"s:66:4:66:Infinity":33,"s:67:4:67:Infinity":34,"b:69:4:70:Infinity:undefined:undefined:undefined:undefined":10,"s:69:4:70:Infinity":35,"b:69:8:69:42:69:42:69:80":11,"s:70:6:70:Infinity":36,"s:72:4:72:Infinity":37}}}
,"/home/runner/work/FinanceFrz/FinanceFrz/lib/auth.ts": {"path":"/home/runner/work/FinanceFrz/FinanceFrz/lib/auth.ts","statementMap":{"0":{"start":{"line":6,"column":22},"end":{"line":6,"column":37}},"1":{"start":{"line":7,"column":16},"end":{"line":7,"column":null}},"2":{"start":{"line":8,"column":2},"end":{"line":8,"column":null}},"3":{"start":{"line":8,"column":14},"end":{"line":8,"column":null}},"4":{"start":{"line":10,"column":18},"end":{"line":13,"column":4}},"5":{"start":{"line":15,"column":2},"end":{"line":16,"column":null}},"6":{"start":{"line":16,"column":4},"end":{"line":16,"column":null}},"7":{"start":{"line":19,"column":2},"end":{"line":19,"column":null}},"8":{"start":{"line":23,"column":18},"end":{"line":23,"column":36}},"9":{"start":{"line":24,"column":2},"end":{"line":24,"column":null}},"10":{"start":{"line":28,"column":15},"end":{"line":28,"column":37}},"11":{"start":{"line":29,"column":2},"end":{"line":30,"column":null}},"12":{"start":{"line":30,"column":4},"end":{"line":30,"column":null}},"13":{"start":{"line":32,"column":2},"end":{"line":32,"column":null}},"14":{"start":{"line":36,"column":15},"end":{"line":36,"column":34}},"15":{"start":{"line":37,"column":2},"end":{"line":38,"column":null}},"16":{"start":{"line":38,"column":4},"end":{"line":38,"column":null}},"17":{"start":{"line":40,"column":2},"end":{"line":40,"column":null}},"18":{"start":{"line":44,"column":16},"end":{"line":44,"column":34}},"19":{"start":{"line":45,"column":2},"end":{"line":45,"column":null}},"20":{"start":{"line":46,"column":2},"end":{"line":46,"column":null}},"21":{"start":{"line":46,"column":34},"end":{"line":46,"column":65}}},"fnMap":{"0":{"name":"getSession","decl":{"start":{"line":5,"column":22},"end":{"line":5,"column":35}},"loc":{"start":{"line":5,"column":35},"end":{"line":19,"column":null}},"line":5},"1":{"name":"getCurrentUser","decl":{"start":{"line":22,"column":22},"end":{"line":22,"column":39}},"loc":{"start":{"line":22,"column":39},"end":{"line":24,"column":null}},"line":22},"2":{"name":"requireAuth","decl":{"start":{"line":27,"column":22},"end":{"line":27,"column":36}},"loc":{"start":{"line":27,"column":36},"end":{"line":32,"column":null}},"line":27},"3":{"name":"requireVerifiedAuth","decl":{"start":{"line":35,"column":22},"end":{"line":35,"column":44}},"loc":{"start":{"line":35,"column":44},"end":{"line":40,"column":null}},"line":35},"4":{"name":"generateToken","decl":{"start":{"line":43,"column":16},"end":{"line":43,"column":40}},"loc":{"start":{"line":43,"column":40},"end":{"line":46,"column":null}},"line":43},"5":{"name":"(anonymous_5)","decl":{"start":{"line":46,"column":20},"end":{"line":46,"column":28}},"loc":{"start":{"line":46,"column":34},"end":{"line":46,"column":65}},"line":46}},"branchMap":{"0":{"loc":{"start":{"line":8,"column":2},"end":{"line":8,"column":null}},"type":"if","locations":[{"start":{"line":8,"column":2},"end":{"line":8,"column":null}},{"start":{},"end":{}}],"line":8},"1":{"loc":{"start":{"line":15,"column":2},"end":{"line":16,"column":null}},"type":"if","locations":[{"start":{"line":15,"column":2},"end":{"line":16,"column":null}},{"start":{},"end":{}}],"line":15},"2":{"loc":{"start":{"line":15,"column":6},"end":{"line":15,"column":48}},"type":"binary-expr","locations":[{"start":{"line":15,"column":6},"end":{"line":15,"column":18}},{"start":{"line":15,"column":18},"end":{"line":15,"column":48}}],"line":15},"3":{"loc":{"start":{"line":24,"column":9},"end":{"line":24,"column":null}},"type":"binary-expr","locations":[{"start":{"line":24,"column":9},"end":{"line":24,"column":26}},{"start":{"line":24,"column":26},"end":{"line":24,"column":null}}],"line":24},"4":{"loc":{"start":{"line":29,"column":2},"end":{"line":30,"column":null}},"type":"if","locations":[{"start":{"line":29,"column":2},"end":{"line":30,"column":null}},{"start":{},"end":{}}],"line":29},"5":{"loc":{"start":{"line":37,"column":2},"end":{"line":38,"column":null}},"type":"if","locations":[{"start":{"line":37,"column":2},"end":{"line":38,"column":null}},{"start":{},"end":{}}],"line":37}},"s":{"0":11,"1":11,"2":11,"3":4,"4":7,"5":7,"6":2,"7":5,"8":7,"9":7,"10":5,"11":5,"12":2,"13":3,"14":3,"15":2,"16":1,"17":1,"18":3,"19":3,"20":3,"21":96},"f":{"0":11,"1":7,"2":5,"3":3,"4":3,"5":96},"b":{"0":[4,7],"1":[2,5],"2":[7,6],"3":[7,3],"4":[2,3],"5":[1,1]},"meta":{"lastBranch":6,"lastFunction":6,"lastStatement":22,"seen":{"f:5:22:5:35":0,"s:6:22:6:37":0,"s:7:16:7:Infinity":1,"b:8:2:8:Infinity:undefined:undefined:undefined:undefined":0,"s:8:2:8:Infinity":2,"s:8:14:8:Infinity":3,"s:10:18:13:4":4,"b:15:2:16:Infinity:undefined:undefined:undefined:undefined":1,"s:15:2:16:Infinity":5,"b:15:6:15:18:15:18:15:48":2,"s:16:4:16:Infinity":6,"s:19:2:19:Infinity":7,"f:22:22:22:39":1,"s:23:18:23:36":8,"s:24:2:24:Infinity":9,"b:24:9:24:26:24:26:24:Infinity":3,"f:27:22:27:36":2,"s:28:15:28:37":10,"b:29:2:30:Infinity:undefined:undefined:undefined:undefined":4,"s:29:2:30:Infinity":11,"s:30:4:30:Infinity":12,"s:32:2:32:Infinity":13,"f:35:22:35:44":3,"s:36:15:36:34":14,"b:37:2:38:Infinity:undefined:undefined:undefined:undefined":5,"s:37:2:38:Infinity":15,"s:38:4:38:Infinity":16,"s:40:2:40:Infinity":17,"f:43:16:43:40":4,"s:44:16:44:34":18,"s:45:2:45:Infinity":19,"s:46:2:46:Infinity":20,"f:46:20:46:28":5,"s:46:34:46:65":21}}}
,"/home/runner/work/FinanceFrz/FinanceFrz/lib/email.ts": {"path":"/home/runner/work/FinanceFrz/FinanceFrz/lib/email.ts","statementMap":{"0":{"start":{"line":8,"column":17},"end":{"line":8,"column":null}},"1":{"start":{"line":10,"column":2},"end":{"line":15,"column":null}},"2":{"start":{"line":12,"column":4},"end":{"line":12,"column":null}},"3":{"start":{"line":13,"column":4},"end":{"line":13,"column":null}},"4":{"start":{"line":14,"column":4},"end":{"line":14,"column":null}},"5":{"start":{"line":15,"column":4},"end":{"line":15,"column":null}},"6":{"start":{"line":18,"column":21},"end":{"line":18,"column":null}},"7":{"start":{"line":19,"column":17},"end":{"line":19,"column":35}},"8":{"start":{"line":21,"column":2},"end":{"line":26,"column":null}},"9":{"start":{"line":30,"column":14},"end":{"line":30,"column":null}},"10":{"start":{"line":31,"column":2},"end":{"line":35,"column":null}}},"fnMap":{"0":{"name":"sendEmail","decl":{"start":{"line":7,"column":22},"end":{"line":7,"column":32}},"loc":{"start":{"line":7,"column":73},"end":{"line":26,"column":null}},"line":7},"1":{"name":"getVerificationEmailHtml","decl":{"start":{"line":29,"column":16},"end":{"line":29,"column":41}},"loc":{"start":{"line":29,"column":73},"end":{"line":35,"column":null}},"line":29}},"branchMap":{"0":{"loc":{"start":{"line":10,"column":2},"end":{"line":15,"column":null}},"type":"if","locations":[{"start":{"line":10,"column":2},"end":{"line":15,"column":null}},{"start":{},"end":{}}],"line":10},"1":{"loc":{"start":{"line":22,"column":10},"end":{"line":22,"column":null}},"type":"binary-expr","locations":[{"start":{"line":22,"column":10},"end":{"line":22,"column":36}},{"start":{"line":22,"column":36},"end":{"line":22,"column":null}}],"line":22}},"s":{"0":2,"1":2,"2":2,"3":2,"4":2,"5":2,"6":0,"7":0,"8":0,"9":3,"10":3},"f":{"0":2,"1":3},"b":{"0":[2,0],"1":[0,0]},"meta":{"lastBranch":2,"lastFunction":2,"lastStatement":11,"seen":{"f:7:22:7:32":0,"s:8:17:8:Infinity":0,"b:10:2:15:Infinity:undefined:undefined:undefined:undefined":0,"s:10:2:15:Infinity":1,"s:12:4:12:Infinity":2,"s:13:4:13:Infinity":3,"s:14:4:14:Infinity":4,"s:15:4:15:Infinity":5,"s:18:21:18:Infinity":6,"s:19:17:19:35":7,"s:21:2:26:Infinity":8,"b:22:10:22:36:22:36:22:Infinity":1,"f:29:16:29:41":1,"s:30:14:30:Infinity":9,"s:31:2:35:Infinity":10}}}
,"/home/runner/work/FinanceFrz/FinanceFrz/lib/utils.ts": {"path":"/home/runner/work/FinanceFrz/FinanceFrz/lib/utils.ts","statementMap":{"0":{"start":{"line":5,"column":2},"end":{"line":5,"column":null}},"1":{"start":{"line":13,"column":2},"end":{"line":17,"column":null}},"2":{"start":{"line":25,"column":12},"end":{"line":25,"column":null}},"3":{"start":{"line":26,"column":2},"end":{"line":26,"column":null}},"4":{"start":{"line":29,"column":31},"end":{"line":40,"column":null}},"5":{"start":{"line":42,"column":29},"end":{"line":48,"column":null}},"6":{"start":{"line":50,"column":26},"end":{"line":57,"column":null}}},"fnMap":{"0":{"name":"cn","decl":{"start":{"line":4,"column":16},"end":{"line":4,"column":19}},"loc":{"start":{"line":4,"column":44},"end":{"line":5,"column":null}},"line":4},"1":{"name":"formatCurrency","decl":{"start":{"line":8,"column":16},"end":{"line":8,"column":null}},"loc":{"start":{"line":12,"column":10},"end":{"line":17,"column":null}},"line":12},"2":{"name":"formatDate","decl":{"start":{"line":20,"column":16},"end":{"line":20,"column":null}},"loc":{"start":{"line":24,"column":10},"end":{"line":26,"column":null}},"line":24}},"branchMap":{"0":{"loc":{"start":{"line":10,"column":2},"end":{"line":10,"column":null}},"type":"default-arg","locations":[{"start":{"line":10,"column":21},"end":{"line":10,"column":null}}],"line":10},"1":{"loc":{"start":{"line":11,"column":2},"end":{"line":11,"column":null}},"type":"default-arg","locations":[{"start":{"line":11,"column":19},"end":{"line":11,"column":null}}],"line":11},"2":{"loc":{"start":{"line":22,"column":2},"end":{"line":22,"column":null}},"type":"default-arg","locations":[{"start":{"line":22,"column":19},"end":{"line":22,"column":null}}],"line":22},"3":{"loc":{"start":{"line":25,"column":12},"end":{"line":25,"column":null}},"type":"cond-expr","locations":[{"start":{"line":25,"column":39},"end":{"line":25,"column":53}},{"start":{"line":25,"column":56},"end":{"line":25,"column":null}}],"line":25},"4":{"loc":{"start":{"line":26,"column":41},"end":{"line":26,"column":75}},"type":"binary-expr","locations":[{"start":{"line":26,"column":41},"end":{"line":26,"column":52}},{"start":{"line":26,"column":52},"end":{"line":26,"column":75}}],"line":26}},"s":{"0":5,"1":6,"2":3,"3":3,"4":1,"5":1,"6":1},"f":{"0":5,"1":6,"2":3},"b":{"0":[6],"1":[6],"2":[3],"3":[1,2],"4":[3,2]},"meta":{"lastBranch":5,"lastFunction":3,"lastStatement":7,"seen":{"f:4:16:4:19":0,"s:5:2:5:Infinity":0,"f:8:16:8:Infinity":1,"b:10:21:10:Infinity":0,"b:11:19:11:Infinity":1,"s:13:2:17:Infinity":1,"f:20:16:20:Infinity":2,"b:22:19:22:Infinity":2,"s:25:12:25:Infinity":2,"b:25:39:25:53:25:56:25:Infinity":3,"s:26:2:26:Infinity":3,"b:26:41:26:52:26:52:26:75":4,"s:29:31:40:Infinity":4,"s:42:29:48:Infinity":5,"s:50:26:57:Infinity":6}}}
}
